Cherbourg (23.7517)
Cherbourg 1st (16.5992)
Cherbourg 1st alive (11.336)
Cherbourg female (11.336)
Cherbourg female alive (10.3914)
Cherbourg alive (14.7099)
Cherbourg male (12.4157)
3rd (27.1255)
3rd dead (19.5682)
3rd dead male (15.5196)
3rd dead male Southampton (12.2807)
3rd dead Southampton (14.5749)
3rd male (18.3536)
3rd male Southampton (14.7099)
3rd Southampton (19.5682)
2nd (34.8178)
2nd female (14.17)
2nd female alive (12.4157)
2nd female alive Southampton (10.6613)
2nd female Southampton (12.4157)
2nd alive (15.7895)
2nd alive Southampton (13.3603)
2nd dead (19.0283)
2nd dead male (17.274)
2nd dead male Southampton (15.5196)
2nd dead Southampton (17.274)
2nd male (20.6478)
2nd male Southampton (18.2186)
2nd Southampton (30.6343)
1st (37.9217)
1st female (15.9244)
1st female alive (15.2497)
1st alive (23.0769)
1st alive Southampton (11.471)
1st dead (14.8448)
1st dead male (14.17)
1st male (21.9973)
1st male Southampton (13.3603)
1st Southampton (20.9177)
female (38.8664)
female alive (32.3887)
female alive Southampton (20.3779)
female Southampton (24.8313)
alive (46.4238)
alive male (14.0351)
alive Southampton (29.8246)
dead (53.4413)
dead male (46.9636)
dead male Southampton (36.8421)
dead Southampton (41.2955)
male (60.9987)
male Southampton (46.2888)
Southampton (71.1201)
